\BOOKMARK [0][-]{chapter.1}{Introduction}{}% 1
\BOOKMARK [0][-]{chapter.2}{Theory}{}% 2
\BOOKMARK [1][-]{section.2.1}{Star Formation}{chapter.2}% 3
\BOOKMARK [2][-]{subsection.2.1.1}{Star forming regions}{section.2.1}% 4
\BOOKMARK [2][-]{subsection.2.1.2}{Star formation phases}{section.2.1}% 5
\BOOKMARK [1][-]{section.2.2}{Radiation}{chapter.2}% 6
\BOOKMARK [2][-]{subsection.2.2.1}{Absorption, emission and scattering}{section.2.2}% 7
\BOOKMARK [2][-]{subsection.2.2.2}{Blackbody radiation}{section.2.2}% 8
\BOOKMARK [2][-]{subsection.2.2.3}{Radiative Transfer}{section.2.2}% 9
\BOOKMARK [1][-]{section.2.3}{Stellar properties}{chapter.2}% 10
\BOOKMARK [2][-]{subsection.2.3.1}{Effective Temperature Te [K]}{section.2.3}% 11
\BOOKMARK [2][-]{subsection.2.3.2}{Luminosity L[L]}{section.2.3}% 12
\BOOKMARK [2][-]{subsection.2.3.3}{Stellar Mass M[M]}{section.2.3}% 13
\BOOKMARK [2][-]{subsection.2.3.4}{Spectra}{section.2.3}% 14
\BOOKMARK [2][-]{subsection.2.3.5}{HR Diagram}{section.2.3}% 15
\BOOKMARK [2][-]{subsection.2.3.6}{Variable Stars}{section.2.3}% 16
\BOOKMARK [2][-]{subsection.2.3.7}{T Tauri stars}{section.2.3}% 17
\BOOKMARK [1][-]{section.2.4}{Circumstellar Disks}{chapter.2}% 18
\BOOKMARK [2][-]{subsection.2.4.1}{Interstellar Dust}{section.2.4}% 19
\BOOKMARK [0][-]{chapter.3}{Method}{}% 20
\BOOKMARK [1][-]{section.3.1}{T Tauri Data}{chapter.3}% 21
\BOOKMARK [0][-]{chapter*.24}{Bibliography}{}% 22
